<?xml version="1.0" encoding="UTF-8"?>
<testsuite name="it.unibo.functional.TestFunctionalLibrary" tests="3" skipped="0" failures="0" errors="0" timestamp="2025-11-08T09:28:01.374Z" hostname="DESKTOP-FVKPF5M" time="0.01">
  <properties/>
  <testcase name="testFlatten()" classname="it.unibo.functional.TestFunctionalLibrary" time="0.003"/>
  <testcase name="testSelectAndReject()" classname="it.unibo.functional.TestFunctionalLibrary" time="0.003"/>
  <testcase name="testTransform()" classname="it.unibo.functional.TestFunctionalLibrary" time="0.002"/>
  <system-out><![CDATA[]]></system-out>
  <system-err><![CDATA[]]></system-err>
</testsuite>
